# JRE version: OpenJDK Runtime Environment (21.0.5) (build 21.0.5+-12932927-b750.29)
# Java VM: OpenJDK 64-Bit Server VM (21.0.5+-12932927-b750.29, mixed mode, tiered, compressed oops, compressed class ptrs, g1 gc, windows-amd64)
GC Precious Log:
 CardTable entry size: 512
 Card Set container configuration: InlinePtr #cards 5 size 8 Array Of Cards #cards 12 size 40 Howl #buckets 4 coarsen threshold 1843 Howl Bitmap #cards 512 size 80 coarsen threshold 460 Card regions per heap region 1 cards per card region 2048
 CPUs: 16 total, 16 available
 Memory: 7599M
 Large Page Support: Disabled
 NUMA Support: Disabled
 Compressed Oops: Enabled (32-bit)
 Heap Region Size: 1M
 Heap Min Capacity: 8M
 Heap Initial Capacity: 120M
 Heap Max Capacity: 1900M
 Pre-touch: Disabled
 Parallel Workers: 13
 Concurrent Workers: 3
 Concurrent Refinement Workers: 13
 Periodic GC: Disabled
Heap:
 garbage-first heap   total 163840K, used 115126K [0x0000000089400000, 0x0000000100000000)
  region size 1024K, 15 young (15360K), 5 survivors (5120K)
 Metaspace       used 59865K, committed 60160K, reserved 1114112K
  class space    used 6546K, committed 6656K, reserved 1048576K
GC Heap History (20 events):
Event: 6.038 GC heap before
{Heap before GC invocations=15 (full 0):
 garbage-first heap   total 72704K, used 59392K [0x0000000089400000, 0x0000000100000000)
  region size 1024K, 24 young (24576K), 4 survivors (4096K)
 Metaspace       used 53005K, committed 53312K, reserved 1114112K
  class space    used 6007K, committed 6144K, reserved 1048576K
}
Event: 6.053 GC heap after
{Heap after GC invocations=16 (full 0):
 garbage-first heap   total 72704K, used 43520K [0x0000000089400000, 0x0000000100000000)
  region size 1024K, 3 young (3072K), 3 survivors (3072K)
 Metaspace       used 53005K, committed 53312K, reserved 1114112K
  class space    used 6007K, committed 6144K, reserved 1048576K
}
Event: 6.261 GC heap before
{Heap before GC invocations=17 (full 0):
 garbage-first heap   total 73728K, used 62976K [0x0000000089400000, 0x0000000100000000)
  region size 1024K, 21 young (21504K), 3 survivors (3072K)
 Metaspace       used 53183K, committed 53504K, reserved 1114112K
  class space    used 6043K, committed 6208K, reserved 1048576K
}
Event: 6.286 GC heap after
{Heap after GC invocations=18 (full 0):
 garbage-first heap   total 73728K, used 51129K [0x0000000089400000, 0x0000000100000000)
  region size 1024K, 3 young (3072K), 3 survivors (3072K)
 Metaspace       used 53183K, committed 53504K, reserved 1114112K
  class space    used 6043K, committed 6208K, reserved 1048576K
}
Event: 7.201 GC heap before
{Heap before GC invocations=18 (full 0):
 garbage-first heap   total 73728K, used 64441K [0x0000000089400000, 0x0000000100000000)
  region size 1024K, 16 young (16384K), 3 survivors (3072K)
 Metaspace       used 53349K, committed 53632K, reserved 1114112K
  class space    used 6074K, committed 6208K, reserved 1048576K
}
Event: 7.217 GC heap after
{Heap after GC invocations=19 (full 0):
 garbage-first heap   total 114688K, used 55808K [0x0000000089400000, 0x0000000100000000)
  region size 1024K, 2 young (2048K), 2 survivors (2048K)
 Metaspace       used 53349K, committed 53632K, reserved 1114112K
  class space    used 6074K, committed 6208K, reserved 1048576K
}
Event: 9.281 GC heap before
{Heap before GC invocations=19 (full 0):
 garbage-first heap   total 114688K, used 90624K [0x0000000089400000, 0x0000000100000000)
  region size 1024K, 36 young (36864K), 2 survivors (2048K)
 Metaspace       used 55264K, committed 55552K, reserved 1114112K
  class space    used 6221K, committed 6336K, reserved 1048576K
}
Event: 9.306 GC heap after
{Heap after GC invocations=20 (full 0):
 garbage-first heap   total 114688K, used 61952K [0x0000000089400000, 0x0000000100000000)
  region size 1024K, 5 young (5120K), 5 survivors (5120K)
 Metaspace       used 55264K, committed 55552K, reserved 1114112K
  class space    used 6221K, committed 6336K, reserved 1048576K
}
Event: 10.544 GC heap before
{Heap before GC invocations=20 (full 0):
 garbage-first heap   total 114688K, used 92672K [0x0000000089400000, 0x0000000100000000)
  region size 1024K, 35 young (35840K), 5 survivors (5120K)
 Metaspace       used 55668K, committed 56000K, reserved 1114112K
  class space    used 6242K, committed 6400K, reserved 1048576K
}
Event: 10.573 GC heap after
{Heap after GC invocations=21 (full 0):
 garbage-first heap   total 114688K, used 68608K [0x0000000089400000, 0x0000000100000000)
  region size 1024K, 5 young (5120K), 5 survivors (5120K)
 Metaspace       used 55668K, committed 56000K, reserved 1114112K
  class space    used 6242K, committed 6400K, reserved 1048576K
}
Event: 10.685 GC heap before
{Heap before GC invocations=21 (full 0):
 garbage-first heap   total 114688K, used 97280K [0x0000000089400000, 0x0000000100000000)
  region size 1024K, 33 young (33792K), 5 survivors (5120K)
 Metaspace       used 55668K, committed 56000K, reserved 1114112K
  class space    used 6242K, committed 6400K, reserved 1048576K
}
Event: 10.711 GC heap after
{Heap after GC invocations=22 (full 0):
 garbage-first heap   total 114688K, used 75776K [0x0000000089400000, 0x0000000100000000)
  region size 1024K, 5 young (5120K), 5 survivors (5120K)
 Metaspace       used 55668K, committed 56000K, reserved 1114112K
  class space    used 6242K, committed 6400K, reserved 1048576K
}
Event: 10.856 GC heap before
{Heap before GC invocations=23 (full 0):
 garbage-first heap   total 124928K, used 98304K [0x0000000089400000, 0x0000000100000000)
  region size 1024K, 28 young (28672K), 5 survivors (5120K)
 Metaspace       used 55668K, committed 56000K, reserved 1114112K
  class space    used 6242K, committed 6400K, reserved 1048576K
}
Event: 10.874 GC heap after
{Heap after GC invocations=24 (full 0):
 garbage-first heap   total 150528K, used 80896K [0x0000000089400000, 0x0000000100000000)
  region size 1024K, 4 young (4096K), 4 survivors (4096K)
 Metaspace       used 55668K, committed 56000K, reserved 1114112K
  class space    used 6242K, committed 6400K, reserved 1048576K
}
Event: 11.076 GC heap before
{Heap before GC invocations=24 (full 0):
 garbage-first heap   total 150528K, used 123904K [0x0000000089400000, 0x0000000100000000)
  region size 1024K, 46 young (47104K), 4 survivors (4096K)
 Metaspace       used 55668K, committed 56000K, reserved 1114112K
  class space    used 6242K, committed 6400K, reserved 1048576K
}
Event: 11.091 GC heap after
{Heap after GC invocations=25 (full 0):
 garbage-first heap   total 150528K, used 90624K [0x0000000089400000, 0x0000000100000000)
  region size 1024K, 6 young (6144K), 6 survivors (6144K)
 Metaspace       used 55668K, committed 56000K, reserved 1114112K
  class space    used 6242K, committed 6400K, reserved 1048576K
}
Event: 12.539 GC heap before
{Heap before GC invocations=25 (full 0):
 garbage-first heap   total 150528K, used 127488K [0x0000000089400000, 0x0000000100000000)
  region size 1024K, 42 young (43008K), 6 survivors (6144K)
 Metaspace       used 58673K, committed 58944K, reserved 1114112K
  class space    used 6503K, committed 6656K, reserved 1048576K
}
Event: 12.562 GC heap after
{Heap after GC invocations=26 (full 0):
 garbage-first heap   total 150528K, used 97792K [0x0000000089400000, 0x0000000100000000)
  region size 1024K, 6 young (6144K), 6 survivors (6144K)
 Metaspace       used 58673K, committed 58944K, reserved 1114112K
  class space    used 6503K, committed 6656K, reserved 1048576K
}
Event: 15.343 GC heap before
{Heap before GC invocations=27 (full 0):
 garbage-first heap   total 163840K, used 131584K [0x0000000089400000, 0x0000000100000000)
  region size 1024K, 39 young (39936K), 6 survivors (6144K)
 Metaspace       used 59668K, committed 59968K, reserved 1114112K
  class space    used 6546K, committed 6656K, reserved 1048576K
}
Event: 15.358 GC heap after
{Heap after GC invocations=28 (full 0):
 garbage-first heap   total 163840K, used 105910K [0x0000000089400000, 0x0000000100000000)
  region size 1024K, 5 young (5120K), 5 survivors (5120K)
 Metaspace       used 59668K, committed 59968K, reserved 1114112K
  class space    used 6546K, committed 6656K, reserved 1048576K
}

